{"C:\\Users\\almas\\Downloads\\Grinnell\\Fall 2025\\CSC324\\skincare-group-project\\skincare-group-project\\skincareApp\\app\\_layout.tsx": {"path":"C:\\Users\\almas\\Downloads\\Grinnell\\Fall 2025\\CSC324\\skincare-group-project\\skincare-group-project\\skincareApp\\app\\_layout.tsx","statementMap":{"0":{"start":{"line":4,"column":2},"end":{"line":11,"column":4}}},"fnMap":{"0":{"name":"RootLayout","decl":{"start":{"line":3,"column":24},"end":{"line":3,"column":34}},"loc":{"start":{"line":3,"column":37},"end":{"line":12,"column":1}},"line":3}},"branchMap":{},"s":{"0":0},"f":{"0":0},"b":{}}
,"C:\\Users\\almas\\Downloads\\Grinnell\\Fall 2025\\CSC324\\skincare-group-project\\skincare-group-project\\skincareApp\\app\\apiFrontend.jsx": {"path":"C:\\Users\\almas\\Downloads\\Grinnell\\Fall 2025\\CSC324\\skincare-group-project\\skincare-group-project\\skincareApp\\app\\apiFrontend.jsx","statementMap":{"0":{"start":{"line":4,"column":12},"end":{"line":46,"column":1}},"1":{"start":{"line":5,"column":34},"end":{"line":5,"column":49}},"2":{"start":{"line":6,"column":22},"end":{"line":31,"column":1}},"3":{"start":{"line":7,"column":2},"end":{"line":7,"column":20}},"4":{"start":{"line":8,"column":2},"end":{"line":30,"column":3}},"5":{"start":{"line":9,"column":21},"end":{"line":18,"column":6}},"6":{"start":{"line":20,"column":4},"end":{"line":22,"column":5}},"7":{"start":{"line":21,"column":6},"end":{"line":21,"column":63}},"8":{"start":{"line":24,"column":17},"end":{"line":24,"column":38}},"9":{"start":{"line":25,"column":4},"end":{"line":25,"column":63}},"10":{"start":{"line":27,"column":4},"end":{"line":27,"column":49}},"11":{"start":{"line":29,"column":4},"end":{"line":29,"column":23}},"12":{"start":{"line":33,"column":2},"end":{"line":45,"column":3}},"13":{"start":{"line":50,"column":15},"end":{"line":82,"column":2}}},"fnMap":{"0":{"name":"(anonymous_0)","decl":{"start":{"line":4,"column":12},"end":{"line":4,"column":13}},"loc":{"start":{"line":4,"column":18},"end":{"line":46,"column":1}},"line":4},"1":{"name":"(anonymous_1)","decl":{"start":{"line":6,"column":22},"end":{"line":6,"column":23}},"loc":{"start":{"line":6,"column":34},"end":{"line":31,"column":1}},"line":6}},"branchMap":{"0":{"loc":{"start":{"line":20,"column":4},"end":{"line":22,"column":5}},"type":"if","locations":[{"start":{"line":20,"column":4},"end":{"line":22,"column":5}},{"start":{},"end":{}}],"line":20},"1":{"loc":{"start":{"line":41,"column":11},"end":{"line":41,"column":53}},"type":"cond-expr","locations":[{"start":{"line":41,"column":23},"end":{"line":41,"column":35}},{"start":{"line":41,"column":38},"end":{"line":41,"column":53}}],"line":41}},"s":{"0":0,"1":0,"2":0,"3":0,"4":0,"5":0,"6":0,"7":0,"8":0,"9":0,"10":0,"11":0,"12":0,"13":0},"f":{"0":0,"1":0},"b":{"0":[0,0],"1":[0,0]}}
,"C:\\Users\\almas\\Downloads\\Grinnell\\Fall 2025\\CSC324\\skincare-group-project\\skincare-group-project\\skincareApp\\app\\concerns.jsx": {"path":"C:\\Users\\almas\\Downloads\\Grinnell\\Fall 2025\\CSC324\\skincare-group-project\\skincare-group-project\\skincareApp\\app\\concerns.jsx","statementMap":{"0":{"start":{"line":7,"column":16},"end":{"line":11,"column":1}},"1":{"start":{"line":13,"column":23},"end":{"line":66,"column":1}},"2":{"start":{"line":15,"column":21},"end":{"line":15,"column":43}},"3":{"start":{"line":17,"column":40},"end":{"line":17,"column":52}},"4":{"start":{"line":19,"column":23},"end":{"line":23,"column":3}},"5":{"start":{"line":20,"column":4},"end":{"line":22,"column":6}},"6":{"start":{"line":21,"column":6},"end":{"line":21,"column":68}},"7":{"start":{"line":21,"column":43},"end":{"line":21,"column":51}},"8":{"start":{"line":25,"column":2},"end":{"line":65,"column":4}},"9":{"start":{"line":31,"column":27},"end":{"line":31,"column":58}},"10":{"start":{"line":32,"column":10},"end":{"line":50,"column":12}},"11":{"start":{"line":39,"column":31},"end":{"line":39,"column":54}},"12":{"start":{"line":70,"column":15},"end":{"line":123,"column":2}}},"fnMap":{"0":{"name":"(anonymous_0)","decl":{"start":{"line":13,"column":23},"end":{"line":13,"column":24}},"loc":{"start":{"line":13,"column":29},"end":{"line":66,"column":1}},"line":13},"1":{"name":"(anonymous_1)","decl":{"start":{"line":19,"column":23},"end":{"line":19,"column":24}},"loc":{"start":{"line":19,"column":31},"end":{"line":23,"column":3}},"line":19},"2":{"name":"(anonymous_2)","decl":{"start":{"line":20,"column":19},"end":{"line":20,"column":20}},"loc":{"start":{"line":21,"column":6},"end":{"line":21,"column":68}},"line":21},"3":{"name":"(anonymous_3)","decl":{"start":{"line":21,"column":38},"end":{"line":21,"column":39}},"loc":{"start":{"line":21,"column":43},"end":{"line":21,"column":51}},"line":21},"4":{"name":"(anonymous_4)","decl":{"start":{"line":30,"column":21},"end":{"line":30,"column":22}},"loc":{"start":{"line":30,"column":31},"end":{"line":51,"column":9}},"line":30},"5":{"name":"(anonymous_5)","decl":{"start":{"line":39,"column":25},"end":{"line":39,"column":26}},"loc":{"start":{"line":39,"column":31},"end":{"line":39,"column":54}},"line":39}},"branchMap":{"0":{"loc":{"start":{"line":21,"column":6},"end":{"line":21,"column":68}},"type":"cond-expr","locations":[{"start":{"line":21,"column":26},"end":{"line":21,"column":52}},{"start":{"line":21,"column":55},"end":{"line":21,"column":68}}],"line":21},"1":{"loc":{"start":{"line":37,"column":16},"end":{"line":37,"column":74}},"type":"cond-expr","locations":[{"start":{"line":37,"column":27},"end":{"line":37,"column":48}},{"start":{"line":37,"column":51},"end":{"line":37,"column":74}}],"line":37},"2":{"loc":{"start":{"line":44,"column":18},"end":{"line":44,"column":84}},"type":"cond-expr","locations":[{"start":{"line":44,"column":29},"end":{"line":44,"column":54}},{"start":{"line":44,"column":57},"end":{"line":44,"column":84}}],"line":44}},"s":{"0":1,"1":1,"2":6,"3":6,"4":6,"5":3,"6":3,"7":0,"8":6,"9":18,"10":18,"11":3,"12":1},"f":{"0":6,"1":3,"2":3,"3":0,"4":18,"5":3},"b":{"0":[0,3],"1":[6,12],"2":[6,12]},"_coverageSchema":"1a1c01bbd47fc00a2c39e90264f33305004495a9","hash":"18c8adb657a1445b3f77a8fe610568ea0f60051e"}
,"C:\\Users\\almas\\Downloads\\Grinnell\\Fall 2025\\CSC324\\skincare-group-project\\skincare-group-project\\skincareApp\\app\\image.jsx": {"path":"C:\\Users\\almas\\Downloads\\Grinnell\\Fall 2025\\CSC324\\skincare-group-project\\skincare-group-project\\skincareApp\\app\\image.jsx","statementMap":{"0":{"start":{"line":11,"column":20},"end":{"line":133,"column":1}},"1":{"start":{"line":12,"column":20},"end":{"line":12,"column":42}},"2":{"start":{"line":14,"column":20},"end":{"line":14,"column":28}},"3":{"start":{"line":15,"column":30},"end":{"line":15,"column":44}},"4":{"start":{"line":16,"column":56},"end":{"line":16,"column":78}},"5":{"start":{"line":17,"column":58},"end":{"line":17,"column":92}},"6":{"start":{"line":19,"column":27},"end":{"line":34,"column":5}},"7":{"start":{"line":20,"column":8},"end":{"line":32,"column":9}},"8":{"start":{"line":22,"column":8},"end":{"line":28,"column":9}},"9":{"start":{"line":23,"column":39},"end":{"line":23,"column":83}},"10":{"start":{"line":24,"column":12},"end":{"line":27,"column":13}},"11":{"start":{"line":25,"column":12},"end":{"line":25,"column":91}},"12":{"start":{"line":26,"column":12},"end":{"line":26,"column":19}},"13":{"start":{"line":31,"column":8},"end":{"line":31,"column":27}},"14":{"start":{"line":36,"column":22},"end":{"line":45,"column":5}},"15":{"start":{"line":37,"column":22},"end":{"line":41,"column":9}},"16":{"start":{"line":43,"column":23},"end":{"line":43,"column":72}},"17":{"start":{"line":44,"column":8},"end":{"line":44,"column":31}},"18":{"start":{"line":48,"column":22},"end":{"line":74,"column":5}},"19":{"start":{"line":49,"column":8},"end":{"line":73,"column":9}},"20":{"start":{"line":51,"column":8},"end":{"line":57,"column":9}},"21":{"start":{"line":52,"column":39},"end":{"line":52,"column":88}},"22":{"start":{"line":53,"column":12},"end":{"line":56,"column":13}},"23":{"start":{"line":54,"column":12},"end":{"line":54,"column":98}},"24":{"start":{"line":55,"column":12},"end":{"line":55,"column":19}},"25":{"start":{"line":60,"column":21},"end":{"line":65,"column":10}},"26":{"start":{"line":67,"column":8},"end":{"line":69,"column":9}},"27":{"start":{"line":68,"column":12},"end":{"line":68,"column":43}},"28":{"start":{"line":72,"column":8},"end":{"line":72,"column":27}},"29":{"start":{"line":77,"column":4},"end":{"line":132,"column":5}},"30":{"start":{"line":79,"column":8},"end":{"line":79,"column":25}},"31":{"start":{"line":80,"column":8},"end":{"line":107,"column":9}},"32":{"start":{"line":81,"column":12},"end":{"line":88,"column":13}},"33":{"start":{"line":90,"column":12},"end":{"line":106,"column":13}},"34":{"start":{"line":109,"column":11},"end":{"line":132,"column":5}},"35":{"start":{"line":111,"column":8},"end":{"line":111,"column":20}},"36":{"start":{"line":112,"column":8},"end":{"line":130,"column":9}},"37":{"start":{"line":137,"column":15},"end":{"line":172,"column":2}}},"fnMap":{"0":{"name":"(anonymous_0)","decl":{"start":{"line":11,"column":20},"end":{"line":11,"column":21}},"loc":{"start":{"line":11,"column":26},"end":{"line":133,"column":1}},"line":11},"1":{"name":"(anonymous_1)","decl":{"start":{"line":19,"column":27},"end":{"line":19,"column":28}},"loc":{"start":{"line":19,"column":39},"end":{"line":34,"column":5}},"line":19},"2":{"name":"(anonymous_2)","decl":{"start":{"line":36,"column":22},"end":{"line":36,"column":23}},"loc":{"start":{"line":36,"column":34},"end":{"line":45,"column":5}},"line":36},"3":{"name":"(anonymous_3)","decl":{"start":{"line":48,"column":22},"end":{"line":48,"column":23}},"loc":{"start":{"line":48,"column":34},"end":{"line":74,"column":5}},"line":48}},"branchMap":{"0":{"loc":{"start":{"line":22,"column":8},"end":{"line":28,"column":9}},"type":"if","locations":[{"start":{"line":22,"column":8},"end":{"line":28,"column":9}},{"start":{},"end":{}}],"line":22},"1":{"loc":{"start":{"line":24,"column":12},"end":{"line":27,"column":13}},"type":"if","locations":[{"start":{"line":24,"column":12},"end":{"line":27,"column":13}},{"start":{},"end":{}}],"line":24},"2":{"loc":{"start":{"line":51,"column":8},"end":{"line":57,"column":9}},"type":"if","locations":[{"start":{"line":51,"column":8},"end":{"line":57,"column":9}},{"start":{},"end":{}}],"line":51},"3":{"loc":{"start":{"line":53,"column":12},"end":{"line":56,"column":13}},"type":"if","locations":[{"start":{"line":53,"column":12},"end":{"line":56,"column":13}},{"start":{},"end":{}}],"line":53},"4":{"loc":{"start":{"line":67,"column":8},"end":{"line":69,"column":9}},"type":"if","locations":[{"start":{"line":67,"column":8},"end":{"line":69,"column":9}},{"start":{},"end":{}}],"line":67},"5":{"loc":{"start":{"line":77,"column":4},"end":{"line":132,"column":5}},"type":"if","locations":[{"start":{"line":77,"column":4},"end":{"line":132,"column":5}},{"start":{"line":109,"column":11},"end":{"line":132,"column":5}}],"line":77},"6":{"loc":{"start":{"line":80,"column":8},"end":{"line":107,"column":9}},"type":"if","locations":[{"start":{"line":80,"column":8},"end":{"line":107,"column":9}},{"start":{"line":89,"column":15},"end":{"line":107,"column":9}}],"line":80},"7":{"loc":{"start":{"line":109,"column":11},"end":{"line":132,"column":5}},"type":"if","locations":[{"start":{"line":109,"column":11},"end":{"line":132,"column":5}},{"start":{},"end":{}}],"line":109}},"s":{"0":1,"1":5,"2":5,"3":5,"4":5,"5":5,"6":5,"7":3,"8":3,"9":1,"10":1,"11":1,"12":1,"13":0,"14":5,"15":0,"16":0,"17":0,"18":5,"19":2,"20":2,"21":1,"22":1,"23":1,"24":1,"25":1,"26":1,"27":1,"28":0,"29":5,"30":3,"31":3,"32":2,"33":1,"34":2,"35":2,"36":2,"37":1},"f":{"0":5,"1":3,"2":0,"3":2},"b":{"0":[1,2],"1":[1,0],"2":[1,1],"3":[1,0],"4":[1,0],"5":[3,2],"6":[2,1],"7":[2,0]},"_coverageSchema":"1a1c01bbd47fc00a2c39e90264f33305004495a9","hash":"85ef208b1cdb00bdd79401ca0f0a1ca889c169a7"}
,"C:\\Users\\almas\\Downloads\\Grinnell\\Fall 2025\\CSC324\\skincare-group-project\\skincare-group-project\\skincareApp\\app\\index.jsx": {"path":"C:\\Users\\almas\\Downloads\\Grinnell\\Fall 2025\\CSC324\\skincare-group-project\\skincare-group-project\\skincareApp\\app\\index.jsx","statementMap":{"0":{"start":{"line":7,"column":19},"end":{"line":40,"column":1}},"1":{"start":{"line":9,"column":2},"end":{"line":39,"column":3}},"2":{"start":{"line":44,"column":15},"end":{"line":67,"column":2}}},"fnMap":{"0":{"name":"(anonymous_0)","decl":{"start":{"line":7,"column":19},"end":{"line":7,"column":20}},"loc":{"start":{"line":7,"column":25},"end":{"line":40,"column":1}},"line":7}},"branchMap":{},"s":{"0":1,"1":2,"2":1},"f":{"0":2},"b":{},"_coverageSchema":"1a1c01bbd47fc00a2c39e90264f33305004495a9","hash":"ae624c2c65a60d376eabb312aae4d0d24c563d5c"}
,"C:\\Users\\almas\\Downloads\\Grinnell\\Fall 2025\\CSC324\\skincare-group-project\\skincare-group-project\\skincareApp\\app\\results.jsx": {"path":"C:\\Users\\almas\\Downloads\\Grinnell\\Fall 2025\\CSC324\\skincare-group-project\\skincare-group-project\\skincareApp\\app\\results.jsx","statementMap":{"0":{"start":{"line":6,"column":17},"end":{"line":13,"column":1}},"1":{"start":{"line":15,"column":22},"end":{"line":159,"column":1}},"2":{"start":{"line":17,"column":30},"end":{"line":17,"column":52}},"3":{"start":{"line":18,"column":32},"end":{"line":18,"column":44}},"4":{"start":{"line":19,"column":32},"end":{"line":19,"column":46}},"5":{"start":{"line":21,"column":21},"end":{"line":29,"column":3}},"6":{"start":{"line":22,"column":19},"end":{"line":22,"column":34}},"7":{"start":{"line":23,"column":4},"end":{"line":28,"column":7}},"8":{"start":{"line":31,"column":2},"end":{"line":91,"column":24}},"9":{"start":{"line":32,"column":23},"end":{"line":32,"column":77}},"10":{"start":{"line":33,"column":16},"end":{"line":33,"column":55}},"11":{"start":{"line":35,"column":20},"end":{"line":35,"column":63}},"12":{"start":{"line":35,"column":34},"end":{"line":35,"column":46}},"13":{"start":{"line":37,"column":4},"end":{"line":41,"column":5}},"14":{"start":{"line":38,"column":6},"end":{"line":38,"column":64}},"15":{"start":{"line":39,"column":6},"end":{"line":39,"column":24}},"16":{"start":{"line":40,"column":6},"end":{"line":40,"column":13}},"17":{"start":{"line":43,"column":4},"end":{"line":43,"column":21}},"18":{"start":{"line":44,"column":20},"end":{"line":44,"column":32}},"19":{"start":{"line":46,"column":4},"end":{"line":90,"column":40}},"20":{"start":{"line":48,"column":20},"end":{"line":48,"column":48}},"21":{"start":{"line":50,"column":8},"end":{"line":86,"column":9}},"22":{"start":{"line":51,"column":23},"end":{"line":51,"column":37}},"23":{"start":{"line":53,"column":10},"end":{"line":53,"column":42}},"24":{"start":{"line":56,"column":10},"end":{"line":70,"column":11}},"25":{"start":{"line":57,"column":24},"end":{"line":57,"column":32}},"26":{"start":{"line":59,"column":29},"end":{"line":59,"column":43}},"27":{"start":{"line":60,"column":25},"end":{"line":60,"column":69}},"28":{"start":{"line":61,"column":24},"end":{"line":61,"column":59}},"29":{"start":{"line":62,"column":25},"end":{"line":62,"column":67}},"30":{"start":{"line":65,"column":12},"end":{"line":69,"column":15}},"31":{"start":{"line":73,"column":22},"end":{"line":76,"column":12}},"32":{"start":{"line":78,"column":10},"end":{"line":78,"column":61}},"33":{"start":{"line":78,"column":23},"end":{"line":78,"column":61}},"34":{"start":{"line":79,"column":25},"end":{"line":79,"column":41}},"35":{"start":{"line":80,"column":24},"end":{"line":80,"column":94}},"36":{"start":{"line":81,"column":10},"end":{"line":82,"column":49}},"37":{"start":{"line":84,"column":10},"end":{"line":85,"column":63}},"38":{"start":{"line":90,"column":21},"end":{"line":90,"column":38}},"39":{"start":{"line":93,"column":2},"end":{"line":99,"column":3}},"40":{"start":{"line":94,"column":4},"end":{"line":98,"column":6}},"41":{"start":{"line":101,"column":14},"end":{"line":101,"column":15}},"42":{"start":{"line":102,"column":14},"end":{"line":102,"column":30}},"43":{"start":{"line":104,"column":21},"end":{"line":123,"column":3}},"44":{"start":{"line":105,"column":17},"end":{"line":105,"column":19}},"45":{"start":{"line":107,"column":4},"end":{"line":119,"column":5}},"46":{"start":{"line":108,"column":6},"end":{"line":112,"column":7}},"47":{"start":{"line":109,"column":8},"end":{"line":109,"column":38}},"48":{"start":{"line":110,"column":13},"end":{"line":112,"column":7}},"49":{"start":{"line":111,"column":8},"end":{"line":111,"column":180}},"50":{"start":{"line":114,"column":6},"end":{"line":118,"column":7}},"51":{"start":{"line":115,"column":8},"end":{"line":115,"column":42}},"52":{"start":{"line":116,"column":13},"end":{"line":118,"column":7}},"53":{"start":{"line":117,"column":8},"end":{"line":117,"column":158}},"54":{"start":{"line":121,"column":4},"end":{"line":121,"column":15}},"55":{"start":{"line":122,"column":4},"end":{"line":122,"column":18}},"56":{"start":{"line":125,"column":2},"end":{"line":158,"column":4}},"57":{"start":{"line":130,"column":8},"end":{"line":142,"column":15}},"58":{"start":{"line":163,"column":15},"end":{"line":222,"column":2}}},"fnMap":{"0":{"name":"(anonymous_0)","decl":{"start":{"line":15,"column":22},"end":{"line":15,"column":23}},"loc":{"start":{"line":15,"column":28},"end":{"line":159,"column":1}},"line":15},"1":{"name":"(anonymous_1)","decl":{"start":{"line":21,"column":21},"end":{"line":21,"column":22}},"loc":{"start":{"line":21,"column":27},"end":{"line":29,"column":3}},"line":21},"2":{"name":"(anonymous_2)","decl":{"start":{"line":31,"column":12},"end":{"line":31,"column":13}},"loc":{"start":{"line":31,"column":18},"end":{"line":91,"column":3}},"line":31},"3":{"name":"(anonymous_3)","decl":{"start":{"line":35,"column":28},"end":{"line":35,"column":29}},"loc":{"start":{"line":35,"column":34},"end":{"line":35,"column":46}},"line":35},"4":{"name":"(anonymous_4)","decl":{"start":{"line":47,"column":18},"end":{"line":47,"column":19}},"loc":{"start":{"line":47,"column":32},"end":{"line":87,"column":7}},"line":47},"5":{"name":"(anonymous_5)","decl":{"start":{"line":90,"column":15},"end":{"line":90,"column":16}},"loc":{"start":{"line":90,"column":21},"end":{"line":90,"column":38}},"line":90},"6":{"name":"(anonymous_6)","decl":{"start":{"line":104,"column":21},"end":{"line":104,"column":22}},"loc":{"start":{"line":104,"column":32},"end":{"line":123,"column":3}},"line":104},"7":{"name":"(anonymous_7)","decl":{"start":{"line":129,"column":19},"end":{"line":129,"column":20}},"loc":{"start":{"line":130,"column":8},"end":{"line":142,"column":15}},"line":130}},"branchMap":{"0":{"loc":{"start":{"line":32,"column":23},"end":{"line":32,"column":77}},"type":"cond-expr","locations":[{"start":{"line":32,"column":67},"end":{"line":32,"column":72}},{"start":{"line":32,"column":75},"end":{"line":32,"column":77}}],"line":32},"1":{"loc":{"start":{"line":32,"column":23},"end":{"line":32,"column":64}},"type":"binary-expr","locations":[{"start":{"line":32,"column":23},"end":{"line":32,"column":48}},{"start":{"line":32,"column":52},"end":{"line":32,"column":64}}],"line":32},"2":{"loc":{"start":{"line":33,"column":16},"end":{"line":33,"column":55}},"type":"cond-expr","locations":[{"start":{"line":33,"column":29},"end":{"line":33,"column":50}},{"start":{"line":33,"column":53},"end":{"line":33,"column":55}}],"line":33},"3":{"loc":{"start":{"line":37,"column":4},"end":{"line":41,"column":5}},"type":"if","locations":[{"start":{"line":37,"column":4},"end":{"line":41,"column":5}},{"start":{},"end":{}}],"line":37},"4":{"loc":{"start":{"line":56,"column":10},"end":{"line":70,"column":11}},"type":"if","locations":[{"start":{"line":56,"column":10},"end":{"line":70,"column":11}},{"start":{},"end":{}}],"line":56},"5":{"loc":{"start":{"line":60,"column":25},"end":{"line":60,"column":69}},"type":"binary-expr","locations":[{"start":{"line":60,"column":25},"end":{"line":60,"column":54}},{"start":{"line":60,"column":58},"end":{"line":60,"column":69}}],"line":60},"6":{"loc":{"start":{"line":62,"column":25},"end":{"line":62,"column":67}},"type":"cond-expr","locations":[{"start":{"line":62,"column":41},"end":{"line":62,"column":52}},{"start":{"line":62,"column":55},"end":{"line":62,"column":67}}],"line":62},"7":{"loc":{"start":{"line":78,"column":10},"end":{"line":78,"column":61}},"type":"if","locations":[{"start":{"line":78,"column":10},"end":{"line":78,"column":61}},{"start":{},"end":{}}],"line":78},"8":{"loc":{"start":{"line":80,"column":24},"end":{"line":80,"column":94}},"type":"cond-expr","locations":[{"start":{"line":80,"column":71},"end":{"line":80,"column":87}},{"start":{"line":80,"column":90},"end":{"line":80,"column":94}}],"line":80},"9":{"loc":{"start":{"line":80,"column":24},"end":{"line":80,"column":68}},"type":"binary-expr","locations":[{"start":{"line":80,"column":24},"end":{"line":80,"column":34}},{"start":{"line":80,"column":38},"end":{"line":80,"column":68}}],"line":80},"10":{"loc":{"start":{"line":93,"column":2},"end":{"line":99,"column":3}},"type":"if","locations":[{"start":{"line":93,"column":2},"end":{"line":99,"column":3}},{"start":{},"end":{}}],"line":93},"11":{"loc":{"start":{"line":107,"column":4},"end":{"line":119,"column":5}},"type":"if","locations":[{"start":{"line":107,"column":4},"end":{"line":119,"column":5}},{"start":{"line":113,"column":11},"end":{"line":119,"column":5}}],"line":107},"12":{"loc":{"start":{"line":108,"column":6},"end":{"line":112,"column":7}},"type":"if","locations":[{"start":{"line":108,"column":6},"end":{"line":112,"column":7}},{"start":{"line":110,"column":13},"end":{"line":112,"column":7}}],"line":108},"13":{"loc":{"start":{"line":110,"column":13},"end":{"line":112,"column":7}},"type":"if","locations":[{"start":{"line":110,"column":13},"end":{"line":112,"column":7}},{"start":{},"end":{}}],"line":110},"14":{"loc":{"start":{"line":114,"column":6},"end":{"line":118,"column":7}},"type":"if","locations":[{"start":{"line":114,"column":6},"end":{"line":118,"column":7}},{"start":{"line":116,"column":13},"end":{"line":118,"column":7}}],"line":114},"15":{"loc":{"start":{"line":116,"column":13},"end":{"line":118,"column":7}},"type":"if","locations":[{"start":{"line":116,"column":13},"end":{"line":118,"column":7}},{"start":{},"end":{}}],"line":116},"16":{"loc":{"start":{"line":132,"column":13},"end":{"line":140,"column":13}},"type":"cond-expr","locations":[{"start":{"line":133,"column":14},"end":{"line":137,"column":21}},{"start":{"line":139,"column":14},"end":{"line":139,"column":72}}],"line":132}},"s":{"0":1,"1":1,"2":5,"3":5,"4":5,"5":5,"6":3,"7":3,"8":5,"9":3,"10":3,"11":3,"12":6,"13":3,"14":0,"15":0,"16":0,"17":3,"18":3,"19":3,"20":6,"21":6,"22":6,"23":6,"24":6,"25":6,"26":6,"27":6,"28":6,"29":6,"30":6,"31":6,"32":4,"33":0,"34":4,"35":4,"36":4,"37":0,"38":2,"39":5,"40":3,"41":2,"42":2,"43":2,"44":4,"45":4,"46":2,"47":0,"48":2,"49":2,"50":2,"51":2,"52":0,"53":0,"54":4,"55":4,"56":2,"57":4,"58":1},"f":{"0":5,"1":3,"2":3,"3":6,"4":6,"5":2,"6":4,"7":4},"b":{"0":[3,0],"1":[3,3],"2":[3,0],"3":[0,3],"4":[6,0],"5":[6,0],"6":[0,6],"7":[0,4],"8":[4,0],"9":[4,4],"10":[3,2],"11":[2,2],"12":[0,2],"13":[2,0],"14":[2,0],"15":[0,0],"16":[4,0]},"_coverageSchema":"1a1c01bbd47fc00a2c39e90264f33305004495a9","hash":"d72d8600f20cd2c7760cb42b198932caf5b8b28e"}
,"C:\\Users\\almas\\Downloads\\Grinnell\\Fall 2025\\CSC324\\skincare-group-project\\skincare-group-project\\skincareApp\\components\\MyButton.js": {"path":"C:\\Users\\almas\\Downloads\\Grinnell\\Fall 2025\\CSC324\\skincare-group-project\\skincare-group-project\\skincareApp\\components\\MyButton.js","statementMap":{"0":{"start":{"line":5,"column":4},"end":{"line":9,"column":5}},"1":{"start":{"line":12,"column":15},"end":{"line":28,"column":2}}},"fnMap":{"0":{"name":"MyButton","decl":{"start":{"line":4,"column":24},"end":{"line":4,"column":32}},"loc":{"start":{"line":4,"column":117},"end":{"line":10,"column":1}},"line":4}},"branchMap":{"0":{"loc":{"start":{"line":4,"column":35},"end":{"line":4,"column":52}},"type":"default-arg","locations":[{"start":{"line":4,"column":42},"end":{"line":4,"column":52}}],"line":4},"1":{"loc":{"start":{"line":4,"column":85},"end":{"line":4,"column":114}},"type":"default-arg","locations":[{"start":{"line":4,"column":103},"end":{"line":4,"column":114}}],"line":4}},"s":{"0":18,"1":4},"f":{"0":18},"b":{"0":[12],"1":[13]},"_coverageSchema":"1a1c01bbd47fc00a2c39e90264f33305004495a9","hash":"a1e823405c8130dcc4b5d0cf7fed3b7daf7dac75"}
}
