TN:
SF:app\_layout.tsx
FN:3,RootLayout
FNF:1
FNH:0
FNDA:0,RootLayout
DA:4,0
LF:1
LH:0
BRF:0
BRH:0
end_of_record
TN:
SF:app\apiFrontend.jsx
FN:4,(anonymous_0)
FN:6,(anonymous_1)
FNF:2
FNH:0
FNDA:0,(anonymous_0)
FNDA:0,(anonymous_1)
DA:4,0
DA:5,0
DA:6,0
DA:7,0
DA:8,0
DA:9,0
DA:20,0
DA:21,0
DA:24,0
DA:25,0
DA:27,0
DA:29,0
DA:33,0
DA:50,0
LF:14
LH:0
BRDA:20,0,0,0
BRDA:20,0,1,0
BRDA:41,1,0,0
BRDA:41,1,1,0
BRF:4
BRH:0
end_of_record
TN:
SF:app\concerns.jsx
FN:13,(anonymous_0)
FN:19,(anonymous_1)
FN:20,(anonymous_2)
FN:21,(anonymous_3)
FN:30,(anonymous_4)
FN:39,(anonymous_5)
FNF:6
FNH:5
FNDA:6,(anonymous_0)
FNDA:3,(anonymous_1)
FNDA:3,(anonymous_2)
FNDA:0,(anonymous_3)
FNDA:18,(anonymous_4)
FNDA:3,(anonymous_5)
DA:7,1
DA:13,1
DA:15,6
DA:17,6
DA:19,6
DA:20,3
DA:21,3
DA:25,6
DA:31,18
DA:32,18
DA:39,3
DA:70,1
LF:12
LH:12
BRDA:21,0,0,0
BRDA:21,0,1,3
BRDA:37,1,0,6
BRDA:37,1,1,12
BRDA:44,2,0,6
BRDA:44,2,1,12
BRF:6
BRH:5
end_of_record
TN:
SF:app\image.jsx
FN:11,(anonymous_0)
FN:19,(anonymous_1)
FN:36,(anonymous_2)
FN:48,(anonymous_3)
FNF:4
FNH:3
FNDA:5,(anonymous_0)
FNDA:3,(anonymous_1)
FNDA:0,(anonymous_2)
FNDA:2,(anonymous_3)
DA:11,1
DA:12,5
DA:14,5
DA:15,5
DA:16,5
DA:17,5
DA:19,5
DA:20,3
DA:22,3
DA:23,1
DA:24,1
DA:25,1
DA:26,1
DA:31,0
DA:36,5
DA:37,0
DA:43,0
DA:44,0
DA:48,5
DA:49,2
DA:51,2
DA:52,1
DA:53,1
DA:54,1
DA:55,1
DA:60,1
DA:67,1
DA:68,1
DA:72,0
DA:77,5
DA:79,3
DA:80,3
DA:81,2
DA:90,1
DA:109,2
DA:111,2
DA:112,2
DA:137,1
LF:38
LH:33
BRDA:22,0,0,1
BRDA:22,0,1,2
BRDA:24,1,0,1
BRDA:24,1,1,0
BRDA:51,2,0,1
BRDA:51,2,1,1
BRDA:53,3,0,1
BRDA:53,3,1,0
BRDA:67,4,0,1
BRDA:67,4,1,0
BRDA:77,5,0,3
BRDA:77,5,1,2
BRDA:80,6,0,2
BRDA:80,6,1,1
BRDA:109,7,0,2
BRDA:109,7,1,0
BRF:16
BRH:12
end_of_record
TN:
SF:app\index.jsx
FN:7,(anonymous_0)
FNF:1
FNH:1
FNDA:2,(anonymous_0)
DA:7,1
DA:9,2
DA:44,1
LF:3
LH:3
BRF:0
BRH:0
end_of_record
TN:
SF:app\results.jsx
FN:15,(anonymous_0)
FN:21,(anonymous_1)
FN:31,(anonymous_2)
FN:35,(anonymous_3)
FN:47,(anonymous_4)
FN:90,(anonymous_5)
FN:104,(anonymous_6)
FN:129,(anonymous_7)
FNF:8
FNH:8
FNDA:5,(anonymous_0)
FNDA:3,(anonymous_1)
FNDA:3,(anonymous_2)
FNDA:6,(anonymous_3)
FNDA:6,(anonymous_4)
FNDA:2,(anonymous_5)
FNDA:4,(anonymous_6)
FNDA:4,(anonymous_7)
DA:6,1
DA:15,1
DA:17,5
DA:18,5
DA:19,5
DA:21,5
DA:22,3
DA:23,3
DA:31,5
DA:32,3
DA:33,3
DA:35,6
DA:37,3
DA:38,0
DA:39,0
DA:40,0
DA:43,3
DA:44,3
DA:46,3
DA:48,6
DA:50,6
DA:51,6
DA:53,6
DA:56,6
DA:57,6
DA:59,6
DA:60,6
DA:61,6
DA:62,6
DA:65,6
DA:73,6
DA:78,4
DA:79,4
DA:80,4
DA:81,4
DA:84,0
DA:90,2
DA:93,5
DA:94,3
DA:101,2
DA:102,2
DA:104,2
DA:105,4
DA:107,4
DA:108,2
DA:109,0
DA:110,2
DA:111,2
DA:114,2
DA:115,2
DA:116,0
DA:117,0
DA:121,4
DA:122,4
DA:125,2
DA:130,4
DA:163,1
LF:57
LH:50
BRDA:32,0,0,3
BRDA:32,0,1,0
BRDA:32,1,0,3
BRDA:32,1,1,3
BRDA:33,2,0,3
BRDA:33,2,1,0
BRDA:37,3,0,0
BRDA:37,3,1,3
BRDA:56,4,0,6
BRDA:56,4,1,0
BRDA:60,5,0,6
BRDA:60,5,1,0
BRDA:62,6,0,0
BRDA:62,6,1,6
BRDA:78,7,0,0
BRDA:78,7,1,4
BRDA:80,8,0,4
BRDA:80,8,1,0
BRDA:80,9,0,4
BRDA:80,9,1,4
BRDA:93,10,0,3
BRDA:93,10,1,2
BRDA:107,11,0,2
BRDA:107,11,1,2
BRDA:108,12,0,0
BRDA:108,12,1,2
BRDA:110,13,0,2
BRDA:110,13,1,0
BRDA:114,14,0,2
BRDA:114,14,1,0
BRDA:116,15,0,0
BRDA:116,15,1,0
BRDA:132,16,0,4
BRDA:132,16,1,0
BRF:34
BRH:20
end_of_record
TN:
SF:components\MyButton.js
FN:4,MyButton
FNF:1
FNH:1
FNDA:18,MyButton
DA:5,18
DA:12,4
LF:2
LH:2
BRDA:4,0,0,12
BRDA:4,1,0,13
BRF:2
BRH:2
end_of_record
